<?xml version="1.0" encoding="UTF-8"?>
<testsuite xmlns:xsi="http://www.w3.org/2001/XMLSchema-instance" xsi:noNamespaceSchemaLocation="https://maven.apache.org/surefire/maven-surefire-plugin/xsd/surefire-test-report.xsd" name="TestSuite" time="8.408" tests="3" errors="0" skipped="0" failures="1">
  <properties>
[...]
</properties>
  <testcase name="verifyUser" classname="test.test.API_Test" time="4.476">
    <failure message="1 expectation failed.&#10;Expected status code &lt;200&gt; but was &lt;429&gt;.&#10;" type="java.lang.AssertionError"><![CDATA[java.lang.AssertionError: 
1 expectation failed.
Expected status code <200> but was <429>.

	at test.test.API_Test.verifyUser(API_Test.java:26)
]]></failure>
  </testcase>
  <testcase name="createUser" classname="test.test.API_Test" time="2.571"/>
  <testcase name="shouldAnswerWithTrue on shouldAnswerWithTrue(test.test.AppTest)" classname="test.test.AppTest" time="0.002"/>
</testsuite>