<?xml version="1.0" encoding="UTF-8"?>
<testng-results ignored="0" total="1" passed="1" failed="0" skipped="0">
  <reporter-output>
  </reporter-output>
  <suite started-at="2022-05-29T00:06:06 IST" name="Surefire suite" finished-at="2022-05-29T00:06:06 IST" duration-ms="113">
    <groups>
    </groups>
    <test started-at="2022-05-29T00:06:06 IST" name="Surefire test" finished-at="2022-05-29T00:06:06 IST" duration-ms="113">
      <class name="test.test.AppTest">
        <test-method signature="shouldAnswerWithTrue()" started-at="2022-05-29T00:06:06 IST" name="shouldAnswerWithTrue" finished-at="2022-05-29T00:06:06 IST" duration-ms="10" status="PASS">
          <reporter-output>
          </reporter-output>
        </test-method> <!-- shouldAnswerWithTrue -->
      </class> <!-- test.test.AppTest -->
    </test> <!-- Surefire test -->
  </suite> <!-- Surefire suite -->
</testng-results>
